c:\users\klin-bni\dropbox\takit64_190401\tcaqtlseg\release\vc142.pdb
c:\users\klin-bni\dropbox (personal)\2021-caqtlseg\code\source\caqtlseg\release\caqtlseg.obj
c:\users\klin-bni\dropbox (personal)\2021-caqtlseg\code\source\caqtlseg\release\vector.obj
c:\users\klin-bni\dropbox (personal)\2021-caqtlseg\code\source\caqtlseg\release\tableindex.obj
c:\users\klin-bni\dropbox (personal)\2021-caqtlseg\code\source\caqtlseg\release\tablefun.obj
c:\users\klin-bni\dropbox (personal)\2021-caqtlseg\code\source\caqtlseg\release\stringfun.obj
c:\users\klin-bni\dropbox (personal)\2021-caqtlseg\code\source\caqtlseg\release\string.obj
c:\users\klin-bni\dropbox (personal)\2021-caqtlseg\code\source\caqtlseg\release\matrix.obj
c:\users\klin-bni\dropbox (personal)\2021-caqtlseg\code\source\caqtlseg\release\stdout.obj
c:\users\klin-bni\dropbox (personal)\2021-caqtlseg\code\source\caqtlseg\release\stderr.obj
c:\users\klin-bni\dropbox (personal)\2021-caqtlseg\code\source\caqtlseg\release\linereader.obj
c:\users\klin-bni\dropbox (personal)\2021-caqtlseg\code\source\caqtlseg\release\filesystem.obj
c:\users\klin-bni\dropbox (personal)\2021-caqtlseg\code\source\caqtlseg\release\filehelpers.obj
c:\users\klin-bni\dropbox (personal)\2021-caqtlseg\code\source\caqtlseg\release\environment.obj
c:\users\klin-bni\dropbox (personal)\2021-caqtlseg\code\source\caqtlseg\release\consoleapp.obj
c:\users\klin-bni\dropbox (personal)\2021-caqtlseg\code\source\caqtlseg\release\variance.obj
c:\users\klin-bni\dropbox (personal)\2021-caqtlseg\code\source\caqtlseg\release\statfun.obj
c:\users\klin-bni\dropbox (personal)\2021-caqtlseg\code\source\caqtlseg\release\rand.obj
c:\users\klin-bni\dropbox (personal)\2021-caqtlseg\code\source\caqtlseg\release\vc142.pdb
c:\users\klin-bni\dropbox (personal)\2021-caqtlseg\code\source\caqtlseg\release\caqtlseg.exe
c:\users\klin-bni\dropbox (personal)\2021-caqtlseg\code\source\caqtlseg\release\caqtlseg.pdb
c:\users\klin-bni\dropbox (personal)\2021-caqtlseg\code\source\caqtlseg\release\caqtlseg2.obj
c:\users\klin-bni\dropbox (personal)\2021-caqtlseg\code\source\caqtlseg\release\caqtlseg2.pdb
c:\users\klin-bni\dropbox (personal)\2021-caqtlseg\code\source\caqtlseg\release\caqtlseg.tlog\cl.command.1.tlog
c:\users\klin-bni\dropbox (personal)\2021-caqtlseg\code\source\caqtlseg\release\caqtlseg.tlog\cl.read.1.tlog
c:\users\klin-bni\dropbox (personal)\2021-caqtlseg\code\source\caqtlseg\release\caqtlseg.tlog\cl.write.1.tlog
c:\users\klin-bni\dropbox (personal)\2021-caqtlseg\code\source\caqtlseg\release\caqtlseg.tlog\link.command.1.tlog
c:\users\klin-bni\dropbox (personal)\2021-caqtlseg\code\source\caqtlseg\release\caqtlseg.tlog\link.delete.1.tlog
c:\users\klin-bni\dropbox (personal)\2021-caqtlseg\code\source\caqtlseg\release\caqtlseg.tlog\link.read.1.tlog
c:\users\klin-bni\dropbox (personal)\2021-caqtlseg\code\source\caqtlseg\release\caqtlseg.tlog\link.write.1.tlog
