c:\users\klin-bni\dropbox (personal)\takit64_190401\tcaqtlseg2\release\statfun.obj
c:\users\klin-bni\dropbox (personal)\takit64_190401\tcaqtlseg2\release\rand.obj
c:\users\klin-bni\dropbox (personal)\takit64_190401\tcaqtlseg2\release\caqtlseg2.obj
c:\users\klin-bni\dropbox (personal)\takit64_190401\tcaqtlseg2\release\stdout.obj
c:\users\klin-bni\dropbox (personal)\takit64_190401\tcaqtlseg2\release\stderr.obj
c:\users\klin-bni\dropbox (personal)\takit64_190401\tcaqtlseg2\release\filesystem.obj
c:\users\klin-bni\dropbox (personal)\takit64_190401\tcaqtlseg2\release\filehelpers.obj
c:\users\klin-bni\dropbox (personal)\takit64_190401\tcaqtlseg2\release\environment.obj
c:\users\klin-bni\dropbox (personal)\takit64_190401\tcaqtlseg2\release\consoleapp.obj
c:\users\klin-bni\dropbox (personal)\takit64_190401\tcaqtlseg2\release\vector.obj
c:\users\klin-bni\dropbox (personal)\takit64_190401\tcaqtlseg2\release\tableindex.obj
c:\users\klin-bni\dropbox (personal)\takit64_190401\tcaqtlseg2\release\tablefun.obj
c:\users\klin-bni\dropbox (personal)\takit64_190401\tcaqtlseg2\release\stringfun.obj
c:\users\klin-bni\dropbox (personal)\takit64_190401\tcaqtlseg2\release\string.obj
c:\users\klin-bni\dropbox (personal)\takit64_190401\tcaqtlseg2\release\matrix.obj
c:\users\klin-bni\dropbox (personal)\takit64_190401\tcaqtlseg2\release\linereader.obj
c:\users\klin-bni\dropbox (personal)\takit64_190401\tcaqtlseg2\release\variance.obj
c:\users\klin-bni\dropbox (personal)\takit64_190401\tcaqtlseg2\release\vc142.pdb
c:\users\klin-bni\dropbox (personal)\2021-caqtlseg\source\tcaqtlseg2\release\stdout.obj
c:\users\klin-bni\dropbox (personal)\2021-caqtlseg\source\tcaqtlseg2\release\stderr.obj
c:\users\klin-bni\dropbox (personal)\2021-caqtlseg\source\tcaqtlseg2\release\filesystem.obj
c:\users\klin-bni\dropbox (personal)\2021-caqtlseg\source\tcaqtlseg2\release\filehelpers.obj
c:\users\klin-bni\dropbox (personal)\2021-caqtlseg\source\tcaqtlseg2\release\environment.obj
c:\users\klin-bni\dropbox (personal)\2021-caqtlseg\source\tcaqtlseg2\release\consoleapp.obj
c:\users\klin-bni\dropbox (personal)\2021-caqtlseg\source\tcaqtlseg2\release\vector.obj
c:\users\klin-bni\dropbox (personal)\2021-caqtlseg\source\tcaqtlseg2\release\tableindex.obj
c:\users\klin-bni\dropbox (personal)\2021-caqtlseg\source\tcaqtlseg2\release\stringfun.obj
c:\users\klin-bni\dropbox (personal)\2021-caqtlseg\source\tcaqtlseg2\release\string.obj
c:\users\klin-bni\dropbox (personal)\2021-caqtlseg\source\tcaqtlseg2\release\matrix.obj
c:\users\klin-bni\dropbox (personal)\2021-caqtlseg\source\tcaqtlseg2\release\linereader.obj
c:\users\klin-bni\dropbox (personal)\2021-caqtlseg\source\tcaqtlseg2\release\tablefun.obj
c:\users\klin-bni\dropbox (personal)\2021-caqtlseg\source\tcaqtlseg2\release\caqtlseg2.obj
c:\users\klin-bni\dropbox (personal)\2021-caqtlseg\source\tcaqtlseg2\release\statfun.obj
c:\users\klin-bni\dropbox (personal)\2021-caqtlseg\source\tcaqtlseg2\release\rand.obj
c:\users\klin-bni\dropbox (personal)\2021-caqtlseg\source\tcaqtlseg2\release\variance.obj
c:\users\klin-bni\dropbox (personal)\2021-caqtlseg\source\tcaqtlseg2\release\vc142.pdb
c:\users\klin-bni\dropbox (personal)\takit64_190401\tcaqtlseg2\release\caqtlseg2.exe
c:\users\klin-bni\dropbox (personal)\takit64_190401\tcaqtlseg2\release\caqtlseg2.pdb
c:\users\klin-bni\dropbox (personal)\2021-caqtlseg\source\tcaqtlseg2\release\caqtlseg2.exe
c:\users\klin-bni\dropbox (personal)\2021-caqtlseg\source\tcaqtlseg2\release\caqtlseg2.pdb
c:\users\klin-bni\dropbox (personal)\2021-caqtlseg\source\tcaqtlseg2\release\caqtlseg2.tlog\cl.command.1.tlog
c:\users\klin-bni\dropbox (personal)\2021-caqtlseg\source\tcaqtlseg2\release\caqtlseg2.tlog\cl.read.1.tlog
c:\users\klin-bni\dropbox (personal)\2021-caqtlseg\source\tcaqtlseg2\release\caqtlseg2.tlog\cl.write.1.tlog
c:\users\klin-bni\dropbox (personal)\2021-caqtlseg\source\tcaqtlseg2\release\caqtlseg2.tlog\link.command.1.tlog
c:\users\klin-bni\dropbox (personal)\2021-caqtlseg\source\tcaqtlseg2\release\caqtlseg2.tlog\link.read.1.tlog
c:\users\klin-bni\dropbox (personal)\2021-caqtlseg\source\tcaqtlseg2\release\caqtlseg2.tlog\link.write.1.tlog
