c:\users\klin-bni\dropbox\takit64_190401\tcaqtlseg\debug\vc142.pdb
c:\users\klin-bni\dropbox\takit64_190401\tcaqtlseg\debug\statfun.obj
c:\users\klin-bni\dropbox\takit64_190401\tcaqtlseg\debug\caqtlseg.obj
c:\users\klin-bni\dropbox\takit64_190401\tcaqtlseg\debug\stderr.obj
c:\users\klin-bni\dropbox\takit64_190401\tcaqtlseg\debug\filesystem.obj
c:\users\klin-bni\dropbox\takit64_190401\tcaqtlseg\debug\filehelpers.obj
c:\users\klin-bni\dropbox\takit64_190401\tcaqtlseg\debug\environment.obj
c:\users\klin-bni\dropbox\takit64_190401\tcaqtlseg\debug\consoleapp.obj
c:\users\klin-bni\dropbox\takit64_190401\tcaqtlseg\debug\vector.obj
c:\users\klin-bni\dropbox\takit64_190401\tcaqtlseg\debug\tableindex.obj
c:\users\klin-bni\dropbox\takit64_190401\tcaqtlseg\debug\tablefun.obj
c:\users\klin-bni\dropbox\takit64_190401\tcaqtlseg\debug\stringfun.obj
c:\users\klin-bni\dropbox\takit64_190401\tcaqtlseg\debug\string.obj
c:\users\klin-bni\dropbox\takit64_190401\tcaqtlseg\debug\matrix.obj
c:\users\klin-bni\dropbox\takit64_190401\tcaqtlseg\debug\linereader.obj
c:\users\klin-bni\dropbox\takit64_190401\tcaqtlseg\debug\variance.obj
c:\users\klin-bni\dropbox\takit64_190401\tcaqtlseg\debug\stdout.obj
c:\users\klin-bni\dropbox\takit64_190401\tcaqtlseg\debug\rand.obj
c:\users\klin-bni\dropbox\takit64_190401\tcaqtlseg\debug\vc142.idb
c:\users\klin-bni\dropbox\takit64_190401\tcaqtlseg\debug\caqtlseg.pdb
c:\users\klin-bni\dropbox\takit64_190401\tcaqtlseg\debug\caqtlseg.tlog\cl.command.1.tlog
c:\users\klin-bni\dropbox\takit64_190401\tcaqtlseg\debug\caqtlseg.tlog\cl.read.1.tlog
c:\users\klin-bni\dropbox\takit64_190401\tcaqtlseg\debug\caqtlseg.tlog\cl.write.1.tlog
c:\users\klin-bni\dropbox\takit64_190401\tcaqtlseg\debug\caqtlseg.tlog\link.command.1.tlog
c:\users\klin-bni\dropbox\takit64_190401\tcaqtlseg\debug\caqtlseg.tlog\link.delete.1.tlog
c:\users\klin-bni\dropbox\takit64_190401\tcaqtlseg\debug\caqtlseg.tlog\link.read.1.tlog
c:\users\klin-bni\dropbox\takit64_190401\tcaqtlseg\debug\caqtlseg.tlog\link.write.1.tlog
