c:\users\klin-bni\dropbox (personal)\takit64_190401\tcaqtlseg2\debug\linereader.obj
c:\users\klin-bni\dropbox (personal)\takit64_190401\tcaqtlseg2\debug\matrix.obj
c:\users\klin-bni\dropbox (personal)\takit64_190401\tcaqtlseg2\debug\string.obj
c:\users\klin-bni\dropbox (personal)\takit64_190401\tcaqtlseg2\debug\stringfun.obj
c:\users\klin-bni\dropbox (personal)\takit64_190401\tcaqtlseg2\debug\tablefun.obj
c:\users\klin-bni\dropbox (personal)\takit64_190401\tcaqtlseg2\debug\tableindex.obj
c:\users\klin-bni\dropbox (personal)\takit64_190401\tcaqtlseg2\debug\vector.obj
c:\users\klin-bni\dropbox (personal)\takit64_190401\tcaqtlseg2\debug\consoleapp.obj
c:\users\klin-bni\dropbox (personal)\takit64_190401\tcaqtlseg2\debug\environment.obj
c:\users\klin-bni\dropbox (personal)\takit64_190401\tcaqtlseg2\debug\filehelpers.obj
c:\users\klin-bni\dropbox (personal)\takit64_190401\tcaqtlseg2\debug\filesystem.obj
c:\users\klin-bni\dropbox (personal)\takit64_190401\tcaqtlseg2\debug\stderr.obj
c:\users\klin-bni\dropbox (personal)\takit64_190401\tcaqtlseg2\debug\stdout.obj
c:\users\klin-bni\dropbox (personal)\takit64_190401\tcaqtlseg2\debug\rand.obj
c:\users\klin-bni\dropbox (personal)\takit64_190401\tcaqtlseg2\debug\statfun.obj
c:\users\klin-bni\dropbox (personal)\takit64_190401\tcaqtlseg2\debug\variance.obj
c:\users\klin-bni\dropbox (personal)\takit64_190401\tcaqtlseg2\debug\caqtlseg2.obj
c:\users\klin-bni\dropbox (personal)\takit64_190401\tcaqtlseg2\debug\vc142.pdb
c:\users\klin-bni\dropbox (personal)\takit64_190401\tcaqtlseg2\debug\caqtlseg2.ilk
c:\users\klin-bni\dropbox (personal)\takit64_190401\tcaqtlseg2\debug\caqtlseg2.exe
c:\users\klin-bni\dropbox (personal)\takit64_190401\tcaqtlseg2\debug\caqtlseg2.pdb
c:\users\klin-bni\dropbox (personal)\takit64_190401\tcaqtlseg2\debug\caqtlseg.obj
c:\users\klin-bni\dropbox (personal)\takit64_190401\tcaqtlseg2\debug\caqtlseg.ilk
c:\users\klin-bni\dropbox (personal)\takit64_190401\tcaqtlseg2\debug\vc142.idb
c:\users\klin-bni\dropbox (personal)\takit64_190401\tcaqtlseg2\debug\caqtlseg.pdb
c:\users\klin-bni\dropbox (personal)\takit64_190401\tcaqtlseg2\debug\caqtlseg2.tlog\cl.command.1.tlog
c:\users\klin-bni\dropbox (personal)\takit64_190401\tcaqtlseg2\debug\caqtlseg2.tlog\cl.read.1.tlog
c:\users\klin-bni\dropbox (personal)\takit64_190401\tcaqtlseg2\debug\caqtlseg2.tlog\cl.write.1.tlog
c:\users\klin-bni\dropbox (personal)\takit64_190401\tcaqtlseg2\debug\caqtlseg2.tlog\link.command.1.tlog
c:\users\klin-bni\dropbox (personal)\takit64_190401\tcaqtlseg2\debug\caqtlseg2.tlog\link.read.1.tlog
c:\users\klin-bni\dropbox (personal)\takit64_190401\tcaqtlseg2\debug\caqtlseg2.tlog\link.write.1.tlog
